10/02/2026 10:39:39 AM
Main is started..
Day30 Information: 0 : 4 numbers passed
Day30 Information: 0 : 5 numbers passed
Day30 Information: 0 : No value passed
Day30 Warning: 0 : No value passed
Day30 Error: 0 : No value passed
10/02/2026 10:42:08 AM
Main is started..
Day30 Information: 0 : 4 numbers passed
Day30 Information: 0 : 5 numbers passed
Day30 Information: 0 : No value passed
Day30 Warning: 0 : No value passed
Day30 Error: 0 : No value passed
10/02/2026 11:19:17 AM
Day30 Information: 0 : 4 numbers passed
Day30 Information: 0 : 5 numbers passed
Day30 Information: 0 : No value passed
Day30 Warning: 0 : No value passed
Day30 Error: 0 : No value passed
10/02/2026 11:20:24 AM
Main is started..
Day30 Information: 0 : 4 numbers passed
Day30 Information: 0 : 5 numbers passed
Day30 Information: 0 : No value passed
Day30 Warning: 0 : No value passed
Day30 Error: 0 : No value passed
10/02/2026 11:25:04 AM
Main is started..
Day30 Information: 0 : 4 numbers passed
Day30 Information: 0 : 5 numbers passed
Day30 Information: 0 : No value passed
Day30 Warning: 0 : No value passed
Day30 Error: 0 : No value passed
